<?xml version="1.0" encoding="UTF-8"?>
<!-- Generated by org.testng.reporters.JUnitReportReporter -->
<testsuite hostname="VMLP1063" failures="0" tests="2" name="testng.Day2" time="0.002" errors="0" timestamp="2022-09-23T18:03:28 IST" skipped="0">
  <testcase classname="testng.Day2" name="snake" time="0.001"/>
  <system-out/>
  <testcase classname="testng.Day2" name="demo" time="0.001"/>
  <system-out/>
</testsuite> <!-- testng.Day2 -->
