<?xml version="1.0" encoding="UTF-8"?>
<!-- Generated by org.testng.reporters.JUnitReportReporter -->
<testsuite hostname="VMLP1063" failures="0" tests="1" name="loki.Day1" time="0.010" errors="0" timestamp="2022-09-13T15:09:52 IST" skipped="0">
  <testcase classname="loki.Day1" name="start" time="0.010"/>
  <system-out/>
</testsuite> <!-- loki.Day1 -->
