<?xml version="1.0" encoding="UTF-8"?>
<!-- Generated by org.testng.reporters.JUnitReportReporter -->
<testsuite hostname="VMLP1063" failures="0" tests="2" name="testng.Day1" time="0.013" errors="0" timestamp="2022-09-23T18:03:28 IST" skipped="0">
  <testcase classname="testng.Day1" name="starting" time="0.002"/>
  <system-out/>
  <testcase classname="testng.Day1" name="start" time="0.011"/>
  <system-out/>
</testsuite> <!-- testng.Day1 -->
