<?xml version="1.0" encoding="UTF-8"?>
<!-- Generated by org.testng.reporters.JUnitReportReporter -->
<testsuite hostname="VMLP1063" failures="0" tests="1" name="loki.Day2" time="0.011" errors="0" timestamp="2022-09-13T15:10:47 IST" skipped="0">
  <testcase classname="loki.Day2" name="demo" time="0.011"/>
  <system-out/>
</testsuite> <!-- loki.Day2 -->
